<?xml version="1.0" encoding="UTF-8"?>
<!-- Generated by org.testng.reporters.JUnitReportReporter -->
<testsuite hostname="LAPTOP-62I5KR2N" failures="0" tests="1" name="automation.LaunchBrowser" time="10.257" errors="0" timestamp="2020-07-23T23:23:24 MYT" skipped="0">
  <testcase classname="automation.LaunchBrowser" name="LaunchAndChangeTabs" time="10.257"/>
  <system-out/>
</testsuite> <!-- automation.LaunchBrowser -->
